# JRE version: Java(TM) SE Runtime Environment (9.0+11) (build 9.0.4+11)
# Java VM: Java HotSpot(TM) 64-Bit Server VM (9.0.4+11, mixed mode, tiered, compressed oops, g1 gc, linux-amd64)
Heap:
 garbage-first heap   total 524288K, used 33392K [0x00000006c0000000, 0x00000006c0101000, 0x00000007c0000000)
  region size 1024K, 6 young (6144K), 4 survivors (4096K)
 Metaspace       used 20669K, capacity 22172K, committed 22400K, reserved 1069056K
  class space    used 1948K, capacity 2344K, committed 2432K, reserved 1048576K
GC Heap History (8 events):
Event: 1.454 GC heap before
{Heap before GC invocations=0 (full 0):
 garbage-first heap   total 524288K, used 25600K [0x00000006c0000000, 0x00000006c0101000, 0x00000007c0000000)
  region size 1024K, 25 young (25600K), 0 survivors (0K)
 Metaspace       used 11934K, capacity 12224K, committed 12544K, reserved 1060864K
  class space    used 1174K, capacity 1212K, committed 1280K, reserved 1048576K
}
Event: 1.493 GC heap after
{Heap after GC invocations=1 (full 0):
 garbage-first heap   total 524288K, used 5831K [0x00000006c0000000, 0x00000006c0101000, 0x00000007c0000000)
  region size 1024K, 4 young (4096K), 4 survivors (4096K)
 Metaspace       used 11934K, capacity 12224K, committed 12544K, reserved 1060864K
  class space    used 1174K, capacity 1212K, committed 1280K, reserved 1048576K
}
Event: 5.344 GC heap before
{Heap before GC invocations=1 (full 0):
 garbage-first heap   total 524288K, used 205511K [0x00000006c0000000, 0x00000006c0101000, 0x00000007c0000000)
  region size 1024K, 198 young (202752K), 4 survivors (4096K)
 Metaspace       used 15019K, capacity 15676K, committed 16000K, reserved 1062912K
  class space    used 1398K, capacity 1545K, committed 1664K, reserved 1048576K
}
Event: 5.395 GC heap after
{Heap after GC invocations=2 (full 0):
 garbage-first heap   total 524288K, used 27824K [0x00000006c0000000, 0x00000006c0101000, 0x00000007c0000000)
  region size 1024K, 25 young (25600K), 25 survivors (25600K)
 Metaspace       used 15019K, capacity 15676K, committed 16000K, reserved 1062912K
  class space    used 1398K, capacity 1545K, committed 1664K, reserved 1048576K
}
Event: 7.432 GC heap before
{Heap before GC invocations=2 (full 0):
 garbage-first heap   total 524288K, used 109744K [0x00000006c0000000, 0x00000006c0101000, 0x00000007c0000000)
  region size 1024K, 105 young (107520K), 25 survivors (25600K)
 Metaspace       used 19715K, capacity 21146K, committed 21248K, reserved 1069056K
  class space    used 1840K, capacity 2217K, committed 2304K, reserved 1048576K
}
Event: 7.460 GC heap after
{Heap after GC invocations=3 (full 0):
 garbage-first heap   total 524288K, used 33321K [0x00000006c0000000, 0x00000006c0101000, 0x00000007c0000000)
  region size 1024K, 17 young (17408K), 17 survivors (17408K)
 Metaspace       used 19715K, capacity 21146K, committed 21248K, reserved 1069056K
  class space    used 1840K, capacity 2217K, committed 2304K, reserved 1048576K
}
Event: 27.188 GC heap before
{Heap before GC invocations=4 (full 0):
 garbage-first heap   total 524288K, used 43561K [0x00000006c0000000, 0x00000006c0101000, 0x00000007c0000000)
  region size 1024K, 29 young (29696K), 17 survivors (17408K)
 Metaspace       used 20538K, capacity 22096K, committed 22400K, reserved 1069056K
  class space    used 1940K, capacity 2342K, committed 2432K, reserved 1048576K
}
Event: 27.200 GC heap after
{Heap after GC invocations=5 (full 0):
 garbage-first heap   total 524288K, used 32368K [0x00000006c0000000, 0x00000006c0101000, 0x00000007c0000000)
  region size 1024K, 4 young (4096K), 4 survivors (4096K)
 Metaspace       used 20538K, capacity 22096K, committed 22400K, reserved 1069056K
  class space    used 1940K, capacity 2342K, committed 2432K, reserved 1048576K
}

